19036> 2022-05-05 17:58:28> Program: Starting Squirrel Updater: --install . --silent
19036> 2022-05-05 17:58:28> Program: Starting install, writing to C:\Users\viole\AppData\Local\SquirrelTemp
19036> 2022-05-05 17:58:28> Program: About to install to: C:\Users\viole\AppData\Local\Discord
19036> 2022-05-05 17:58:28> SingleGlobalInstance: Grabbing lockfile with timeout of 00:00:10
19036> 2022-05-05 17:58:28> CheckForUpdateImpl: Reading RELEASES file from C:\Users\viole\AppData\Local\SquirrelTemp
19036> 2022-05-05 17:58:28> CheckForUpdateImpl: Remote version 1.0.9003 differs from local 
19036> 2022-05-05 17:58:28> CheckForUpdateImpl: First run or local directory is corrupt, starting from scratch
19036> 2022-05-05 17:58:28> ApplyReleasesImpl: Writing files to app directory: C:\Users\viole\AppData\Local\Discord\app-1.0.9003
19036> 2022-05-05 17:58:31> ApplyReleasesImpl: Moving file C:\Users\viole\AppData\Local\Discord\app-1.0.9003\lib\net45\chrome_100_percent.pak to C:\Users\viole\AppData\Local\Discord\app-1.0.9003\chrome_100_percent.pak
19036> 2022-05-05 17:58:31> ApplyReleasesImpl: Moving file C:\Users\viole\AppData\Local\Discord\app-1.0.9003\lib\net45\app.ico to C:\Users\viole\AppData\Local\Discord\app-1.0.9003\app.ico
19036> 2022-05-05 17:58:31> ApplyReleasesImpl: Moving file C:\Users\viole\AppData\Local\Discord\app-1.0.9003\lib\net45\chrome_200_percent.pak to C:\Users\viole\AppData\Local\Discord\app-1.0.9003\chrome_200_percent.pak
19036> 2022-05-05 17:58:31> ApplyReleasesImpl: Moving file C:\Users\viole\AppData\Local\Discord\app-1.0.9003\lib\net45\d3dcompiler_47.dll to C:\Users\viole\AppData\Local\Discord\app-1.0.9003\d3dcompiler_47.dll
19036> 2022-05-05 17:58:31> ApplyReleasesImpl: Moving file C:\Users\viole\AppData\Local\Discord\app-1.0.9003\lib\net45\Discord.exe to C:\Users\viole\AppData\Local\Discord\app-1.0.9003\Discord.exe
19036> 2022-05-05 17:58:31> ApplyReleasesImpl: Moving file C:\Users\viole\AppData\Local\Discord\app-1.0.9003\lib\net45\ffmpeg.dll to C:\Users\viole\AppData\Local\Discord\app-1.0.9003\ffmpeg.dll
19036> 2022-05-05 17:58:31> ApplyReleasesImpl: Moving file C:\Users\viole\AppData\Local\Discord\app-1.0.9003\lib\net45\icudtl.dat to C:\Users\viole\AppData\Local\Discord\app-1.0.9003\icudtl.dat
19036> 2022-05-05 17:58:31> ApplyReleasesImpl: Moving file C:\Users\viole\AppData\Local\Discord\app-1.0.9003\lib\net45\installer.db to C:\Users\viole\AppData\Local\Discord\app-1.0.9003\installer.db
19036> 2022-05-05 17:58:31> ApplyReleasesImpl: Moving file C:\Users\viole\AppData\Local\Discord\app-1.0.9003\lib\net45\libEGL.dll to C:\Users\viole\AppData\Local\Discord\app-1.0.9003\libEGL.dll
19036> 2022-05-05 17:58:31> ApplyReleasesImpl: Moving file C:\Users\viole\AppData\Local\Discord\app-1.0.9003\lib\net45\libGLESv2.dll to C:\Users\viole\AppData\Local\Discord\app-1.0.9003\libGLESv2.dll
19036> 2022-05-05 17:58:31> ApplyReleasesImpl: Moving file C:\Users\viole\AppData\Local\Discord\app-1.0.9003\lib\net45\resources.pak to C:\Users\viole\AppData\Local\Discord\app-1.0.9003\resources.pak
19036> 2022-05-05 17:58:31> ApplyReleasesImpl: Moving file C:\Users\viole\AppData\Local\Discord\app-1.0.9003\lib\net45\snapshot_blob.bin to C:\Users\viole\AppData\Local\Discord\app-1.0.9003\snapshot_blob.bin
19036> 2022-05-05 17:58:31> ApplyReleasesImpl: Moving file C:\Users\viole\AppData\Local\Discord\app-1.0.9003\lib\net45\updater.node to C:\Users\viole\AppData\Local\Discord\app-1.0.9003\updater.node
19036> 2022-05-05 17:58:31> ApplyReleasesImpl: Moving file C:\Users\viole\AppData\Local\Discord\app-1.0.9003\lib\net45\vk_swiftshader.dll to C:\Users\viole\AppData\Local\Discord\app-1.0.9003\vk_swiftshader.dll
19036> 2022-05-05 17:58:31> ApplyReleasesImpl: Moving file C:\Users\viole\AppData\Local\Discord\app-1.0.9003\lib\net45\vulkan-1.dll to C:\Users\viole\AppData\Local\Discord\app-1.0.9003\vulkan-1.dll
19036> 2022-05-05 17:58:31> ApplyReleasesImpl: Moving file C:\Users\viole\AppData\Local\Discord\app-1.0.9003\lib\net45\v8_context_snapshot.bin to C:\Users\viole\AppData\Local\Discord\app-1.0.9003\v8_context_snapshot.bin
19036> 2022-05-05 17:58:31> ApplyReleasesImpl: Moving file C:\Users\viole\AppData\Local\Discord\app-1.0.9003\lib\net45\vk_swiftshader_icd.json to C:\Users\viole\AppData\Local\Discord\app-1.0.9003\vk_swiftshader_icd.json
19036> 2022-05-05 17:58:32> ApplyReleasesImpl: Squirrel Enabled Apps: [C:\Users\viole\AppData\Local\Discord\app-1.0.9003\Discord.exe]
19036> 2022-05-05 17:58:33> Utility: Process Started: C:\Users\viole\AppData\Local\Discord\app-1.0.9003\Discord.exe --squirrel-install 1.0.9003, pid 1744
19036> 2022-05-05 17:58:35> Utility: Received exitcode 0 from process C:\Users\viole\AppData\Local\Discord\app-1.0.9003\Discord.exe
19036> 2022-05-05 17:58:35> ApplyReleasesImpl: Starting fixPinnedExecutables
19036> 2022-05-05 17:58:35> ApplyReleasesImpl: fixPinnedExecutables: newCurrentFolder: app-1.0.9003
19036> 2022-05-05 17:58:35> ApplyReleasesImpl: File 'C:\Users\viole\AppData\Roaming\Microsoft\Windows\Start Menu\Programs\Accessibility\Narrator.lnk' could not be converted into a valid ShellLink: System.IO.FileNotFoundException: The system cannot find the file specified. (Exception from HRESULT: 0x80070002)
   at Squirrel.Shell.ShellLink.IShellLinkW.Resolve(IntPtr hWnd, UInt32 fFlags)
   at Squirrel.Shell.ShellLink.Open(String linkFile, IntPtr hWnd, EShellLinkResolveFlags resolveFlags, UInt16 timeOut)
   at Squirrel.UpdateManager.ApplyReleasesImpl.<fixPinnedExecutables>b__11_0(FileInfo file)
19036> 2022-05-05 17:58:35> ApplyReleasesImpl: File 'C:\Users\viole\AppData\Roaming\Microsoft\Windows\Start Menu\Programs\Accessibility\On-Screen Keyboard.lnk' could not be converted into a valid ShellLink: System.IO.FileNotFoundException: The system cannot find the file specified. (Exception from HRESULT: 0x80070002)
   at Squirrel.Shell.ShellLink.IShellLinkW.Resolve(IntPtr hWnd, UInt32 fFlags)
   at Squirrel.Shell.ShellLink.Open(String linkFile, IntPtr hWnd, EShellLinkResolveFlags resolveFlags, UInt16 timeOut)
   at Squirrel.UpdateManager.ApplyReleasesImpl.<fixPinnedExecutables>b__11_0(FileInfo file)
19036> 2022-05-05 17:58:35> ApplyReleasesImpl: Updating shortcut C:\Users\viole\AppData\Roaming\Microsoft\Windows\Start Menu\Programs\Discord Inc\Discord.lnk
19036> 2022-05-05 17:58:35> ApplyReleasesImpl: Updating shortcut C:\Users\viole\OneDrive\Desktop\Discord.lnk
19036> 2022-05-05 17:58:35> ApplyReleasesImpl: Fixing up tray icons
19036> 2022-05-05 17:58:35> ApplyReleasesImpl: cleanDeadVersions: for version 1.0.9003
19036> 2022-05-05 17:58:35> ApplyReleasesImpl: cleanDeadVersions: exclude current version folder app-1.0.9003
